Apr 25, 2025 2:25:20 PM es.ubu.lsi.server.ChatServerImpl log
INFO: servidor iniciado en el puerto 1500
May 05, 2025 1:20:46 PM es.ubu.lsi.server.ChatServerImpl log
INFO: servidor iniciado en el puerto 1500
May 05, 2025 1:30:52 PM es.ubu.lsi.server.ChatServerImpl log
INFO: servidor iniciado en el puerto 1500
May 05, 2025 1:31:18 PM es.ubu.lsi.server.ChatServerImpl log
INFO: cliente conectado desde /127.0.0.1
May 05, 2025 1:31:18 PM es.ubu.lsi.server.ChatServerImpl log
INFO: broadcast: Server -> EL USUARIO cliente1 SE HA CONECTADO
May 05, 2025 1:32:35 PM es.ubu.lsi.server.ChatServerImpl log
INFO: servidor iniciado en el puerto 1500
May 05, 2025 1:33:05 PM es.ubu.lsi.server.ChatServerImpl log
INFO: cliente conectado desde /127.0.0.1
May 05, 2025 1:33:05 PM es.ubu.lsi.server.ChatServerImpl log
INFO: broadcast: Server -> EL USUARIO cliente1 SE HA CONECTADO
May 05, 2025 1:34:29 PM es.ubu.lsi.server.ChatServerImpl log
INFO: servidor iniciado en el puerto 1500
May 05, 2025 1:34:58 PM es.ubu.lsi.server.ChatServerImpl log
INFO: cliente conectado desde /127.0.0.1
May 05, 2025 1:34:58 PM es.ubu.lsi.server.ChatServerImpl log
INFO: broadcast: Server -> EL USUARIO cliente1 SE HA CONECTADO
May 05, 2025 1:35:24 PM es.ubu.lsi.server.ChatServerImpl log
INFO: usuario cliente1 ha bloqueado a cliente2
May 05, 2025 1:35:24 PM es.ubu.lsi.server.ChatServerImpl log
INFO: broadcast: Server -> cliente1 ha baneado a cliente2
